<?xml version="1.0" encoding="UTF-8"?>
<testsuite name="blockchain.MainTest" tests="1" skipped="0" failures="0" errors="0" timestamp="2022-02-26T14:48:37" hostname="PC" time="0.0">
  <properties/>
  <testcase name="test" classname="blockchain.MainTest" time="0.0"/>
  <system-out><![CDATA[]]></system-out>
  <system-err><![CDATA[]]></system-err>
</testsuite>
