<?xml version="1.0" encoding="UTF-8"?>
<testsuite name="BlockchainTest" tests="1" skipped="0" failures="0" errors="0" timestamp="2022-02-26T21:23:56" hostname="PC" time="7.254">
  <properties/>
  <testcase name="start" classname="BlockchainTest" time="7.254"/>
  <system-out><![CDATA[?[1;31m
Start test 1?[0m
blockchain.data (No such file or directory)
Creating new Blockchain
Adding 5 blocks...
Added new block... (#2)
Added new block... (#5)
Added new block... (#3)
Added new block... (#3)
Added new block... (#6)
Is blockchain valid? true

Block: 
Created by Miner #2
Id: 1
Timestamp: 1645910636391
Magic number: 1975738899
Hash of the previous block: 
0
Hash of the block: 
0b95e937986737c00857a6651a78e4f02434fa40aab10f2866fabda262a81688
Block data:
no messages
Block was generating for 0 seconds
N was increased by 1

Block: 
Created by Miner #5
Id: 2
Timestamp: 1645910636407
Magic number: 1163560465
Hash of the previous block: 
0b95e937986737c00857a6651a78e4f02434fa40aab10f2866fabda262a81688
Hash of the block: 
0c6132d9a1e2e8037c6875fb83c54e3d0fdcbc5037dc9b0f85af3b55f1d23dfb
Block data:
no messages
Block was generating for 0 seconds
N was increased by 1

Block: 
Created by Miner #3
Id: 3
Timestamp: 1645910636408
Magic number: 2068063934
Hash of the previous block: 
0c6132d9a1e2e8037c6875fb83c54e3d0fdcbc5037dc9b0f85af3b55f1d23dfb
Hash of the block: 
00cc386ec5909b912fd7c45e829c62e935577d7042e01b4c89e467bd2c4dfb4d
Block data:
no messages
Block was generating for 0 seconds
N was increased by 1

Block: 
Created by Miner #3
Id: 4
Timestamp: 1645910636416
Magic number: 800295938
Hash of the previous block: 
00cc386ec5909b912fd7c45e829c62e935577d7042e01b4c89e467bd2c4dfb4d
Hash of the block: 
0000d877d5f5130603b755df6eb8cf4d05fbc9cbf356e9f895f12ce7567fb386
Block data:
no messages
Block was generating for 0 seconds
N was increased by 1

Block: 
Created by Miner #6
Id: 5
Timestamp: 1645910636424
Magic number: 1430833764
Hash of the previous block: 
0000d877d5f5130603b755df6eb8cf4d05fbc9cbf356e9f895f12ce7567fb386
Hash of the block: 
0000e42c5682de4347f8183e03403257aa1ba7dba2c6fa4d8220965bf18a90bb
Block data:
no messages
Block was generating for 0 seconds
N was increased by 1

?[1;31m
Start test 2?[0m
Retrieving existing Blockchain
Adding 5 blocks...
Added new block... (#5)
Added new block... (#1)
Added new block... (#1)
Added new block... (#4)
Added new block... (#6)
Is blockchain valid? true

Block: 
Created by Miner #5
Id: 6
Timestamp: 1645910636585
Magic number: 2055009668
Hash of the previous block: 
0000e42c5682de4347f8183e03403257aa1ba7dba2c6fa4d8220965bf18a90bb
Hash of the block: 
000003596456d2d75bca24b6092846212cee93c56e10187c4a9c9ff2e9cfa58d
Block data:
no messages
Block was generating for 1 seconds
N stays the same

Block: 
Created by Miner #1
Id: 7
Timestamp: 1645910638029
Magic number: 1216540525
Hash of the previous block: 
000003596456d2d75bca24b6092846212cee93c56e10187c4a9c9ff2e9cfa58d
Hash of the block: 
00000da138cf8f3d8a36cdb159cb644bb2698ba1c169ef6e404a407073df7f61
Block data:
Tom: Hey, I'm first!
Sarah: It's not fair!
Sarah: You always will be first because it is your blockchain!
Block was generating for 0 seconds
N was increased by 1

Block: 
Created by Miner #1
Id: 8
Timestamp: 1645910638244
Magic number: 702884405
Hash of the previous block: 
00000da138cf8f3d8a36cdb159cb644bb2698ba1c169ef6e404a407073df7f61
Hash of the block: 
000000922d53d88a63f65ad189bb4fe80a69dedafe9c75607b4fff7bbd3f048c
Block data:
no messages
Block was generating for 1 seconds
N stays the same

Block: 
Created by Miner #4
Id: 9
Timestamp: 1645910639605
Magic number: 1151914181
Hash of the previous block: 
000000922d53d88a63f65ad189bb4fe80a69dedafe9c75607b4fff7bbd3f048c
Hash of the block: 
000000bf8321237491e9103ff351d0061b27adb21c9f679f214f25fa82e9579d
Block data:
no messages
Block was generating for 0 seconds
N was increased by 1

Block: 
Created by Miner #6
Id: 10
Timestamp: 1645910639685
Magic number: 611993953
Hash of the previous block: 
000000bf8321237491e9103ff351d0061b27adb21c9f679f214f25fa82e9579d
Hash of the block: 
0000000cadc50453618856b441ffdebd1f18eee09213b04b617e6c51ea98667c
Block data:
no messages
Block was generating for 3 seconds
N stays the same

]]></system-out>
  <system-err><![CDATA[java.lang.InterruptedException: sleep interrupted
	at java.base/java.lang.Thread.sleep(Native Method)
	at java.base/java.lang.Thread.sleep(Thread.java:337)
	at java.base/java.util.concurrent.TimeUnit.sleep(TimeUnit.java:446)
	at blockchain.MessageSender.lambda$run$0(MessageSender.java:30)
	at java.base/java.lang.Iterable.forEach(Iterable.java:75)
	at blockchain.MessageSender.run(MessageSender.java:27)
	at java.base/java.lang.Thread.run(Thread.java:833)
java.lang.InterruptedException: sleep interrupted
	at java.base/java.lang.Thread.sleep(Native Method)
	at java.base/java.lang.Thread.sleep(Thread.java:337)
	at java.base/java.util.concurrent.TimeUnit.sleep(TimeUnit.java:446)
	at blockchain.MessageSender.lambda$run$0(MessageSender.java:30)
	at java.base/java.lang.Iterable.forEach(Iterable.java:75)
	at blockchain.MessageSender.run(MessageSender.java:27)
	at java.base/java.lang.Thread.run(Thread.java:833)
]]></system-err>
</testsuite>
