<?xml version="1.0" encoding="UTF-8"?>
<testsuite name="BlockchainTest" tests="1" skipped="0" failures="0" errors="0" timestamp="2022-02-12T14:44:58" hostname="PC" time="0.414">
  <properties/>
  <testcase name="start" classname="BlockchainTest" time="0.414"/>
  <system-out><![CDATA[?[1;31m
Start test 1?[0m
Block:
Created by miner # 8
Id: 1
Timestamp: 1644677098809
Magic number: -1631654733
Hash of the previous block:
0
Hash of the block:
b5ffb3a0cc3da2ff54c77e73c45b53555a86ab9d60dd908932cd8dbb6bd8faf7
Block was generating for 0 seconds
N was increased to 1

Block:
Created by miner # 1
Id: 2
Timestamp: 1644677098834
Magic number: -649748457
Hash of the previous block:
b5ffb3a0cc3da2ff54c77e73c45b53555a86ab9d60dd908932cd8dbb6bd8faf7
Hash of the block:
0887ee083e58e1fe8a2a9d1b4c06ac9401e2238e89c5920a3419775bcfbe9978
Block was generating for 0 seconds
N was increased to 2

Block:
Created by miner # 2
Id: 3
Timestamp: 1644677098844
Magic number: 325260610
Hash of the previous block:
0887ee083e58e1fe8a2a9d1b4c06ac9401e2238e89c5920a3419775bcfbe9978
Hash of the block:
00ecce820a44a351906635da2a87df716629c29d7a95616fdc3abd2a9b013cbc
Block was generating for 0 seconds
N was increased to 3

Block:
Created by miner # 8
Id: 4
Timestamp: 1644677098861
Magic number: -112038078
Hash of the previous block:
00ecce820a44a351906635da2a87df716629c29d7a95616fdc3abd2a9b013cbc
Hash of the block:
000e8ac744eacc85383e987453b413e90953382167870c75406851efd2a3ac3c
Block was generating for 0 seconds
N was increased to 4

Block:
Created by miner # 8
Id: 5
Timestamp: 1644677098951
Magic number: 2046361749
Hash of the previous block:
000e8ac744eacc85383e987453b413e90953382167870c75406851efd2a3ac3c
Hash of the block:
000065f9deab08119617979d671830b06e6f0f04d3b017954193741ed045fd70
Block was generating for 0 seconds
N was increased to 5

?[1;31m
Start test 2?[0m
Block:
Created by miner # 9
Id: 1
Timestamp: 1644677099062
Magic number: -1631654733
Hash of the previous block:
0
Hash of the block:
9b8f07255c365857a972dbfece9e5e39100b0571d3983d311471a05b0f5739a6
Block was generating for 0 seconds
N was increased to 1

Block:
Created by miner # 4
Id: 2
Timestamp: 1644677099074
Magic number: -779124834
Hash of the previous block:
9b8f07255c365857a972dbfece9e5e39100b0571d3983d311471a05b0f5739a6
Hash of the block:
08fe112c05f9dccea512393148ef91d5105a5f6fb2fb84b76df8f50a19ca0040
Block was generating for 0 seconds
N was increased to 2

Block:
Created by miner # 1
Id: 3
Timestamp: 1644677099083
Magic number: -702480623
Hash of the previous block:
08fe112c05f9dccea512393148ef91d5105a5f6fb2fb84b76df8f50a19ca0040
Hash of the block:
00e4f23d8fbd0654a02c2210d1d034931525031b105d104319e00df15417eb3f
Block was generating for 0 seconds
N was increased to 3

Block:
Created by miner # 2
Id: 4
Timestamp: 1644677099095
Magic number: 204686604
Hash of the previous block:
00e4f23d8fbd0654a02c2210d1d034931525031b105d104319e00df15417eb3f
Hash of the block:
000d309170a703247b510ce40e78fd5fb6d449dc59ed49fa022cc5dcd14600ad
Block was generating for 0 seconds
N was increased to 4

Block:
Created by miner # 8
Id: 5
Timestamp: 1644677099102
Magic number: -597871114
Hash of the previous block:
000d309170a703247b510ce40e78fd5fb6d449dc59ed49fa022cc5dcd14600ad
Hash of the block:
0000207d5ad725ff47c934b2e230074c6873cbab8fc8c3e6a86d731092665f7d
Block was generating for 0 seconds
N was increased to 5

]]></system-out>
  <system-err><![CDATA[]]></system-err>
</testsuite>
