<?xml version="1.0" encoding="UTF-8"?>
<testsuite name="BlockchainTest" tests="1" skipped="0" failures="0" errors="0" timestamp="2022-02-12T15:10:12" hostname="PC" time="0.417">
  <properties/>
  <testcase name="start" classname="BlockchainTest" time="0.417"/>
  <system-out><![CDATA[?[1;31m
Start test 1?[0m
Block:
Created by miner # 9
Id: 1
Timestamp: 1644678612094
Magic number: -1631654733
Hash of the previous block:
0
Hash of the block:
e8a306a2ec3e5a6ba1c71a19ae0bc5aeed823f481652a8a7c5a15113e0719586
Block was generating for 0 seconds
N was increased to 1

Block:
Created by miner # 11
Id: 2
Timestamp: 1644678612125
Magic number: -1518519476
Hash of the previous block:
e8a306a2ec3e5a6ba1c71a19ae0bc5aeed823f481652a8a7c5a15113e0719586
Hash of the block:
0fd5e2811d6378dafcaac6f6ce06f941d42672fdb7621d6715de2f2918ef0eaf
Block was generating for 0 seconds
N was increased to 2

Block:
Created by miner # 6
Id: 3
Timestamp: 1644678612137
Magic number: -755643530
Hash of the previous block:
0fd5e2811d6378dafcaac6f6ce06f941d42672fdb7621d6715de2f2918ef0eaf
Hash of the block:
00064bfa4bbef64436b24448c050a2d4256bfee5de615d1b1880a997ddcea655
Block was generating for 0 seconds
N was increased to 3

Block:
Created by miner # 1
Id: 4
Timestamp: 1644678612170
Magic number: 2122472667
Hash of the previous block:
00064bfa4bbef64436b24448c050a2d4256bfee5de615d1b1880a997ddcea655
Hash of the block:
0001fb9d8164255cf793ef588de3a2a4a776cb577560b06c030ceb5ab1c8f431
Block was generating for 0 seconds
N was increased to 4

Block:
Created by miner # 6
Id: 5
Timestamp: 1644678612208
Magic number: 601030602
Hash of the previous block:
0001fb9d8164255cf793ef588de3a2a4a776cb577560b06c030ceb5ab1c8f431
Hash of the block:
00005b67c8348bc52fb112e4e5cdd67a274267ff7770cde01ad82e47056cd6b4
Block was generating for 0 seconds
N was increased to 5

?[1;31m
Start test 2?[0m
Block:
Created by miner # 12
Id: 1
Timestamp: 1644678612363
Magic number: -1631654733
Hash of the previous block:
0
Hash of the block:
25dcfe26a7807ee2b805734cd1319b8d7293ddc2887d5b08eb3ec23d5ab5e6d9
Block was generating for 0 seconds
N was increased to 1

Block:
Created by miner # 10
Id: 2
Timestamp: 1644678612371
Magic number: -1631654733
Hash of the previous block:
25dcfe26a7807ee2b805734cd1319b8d7293ddc2887d5b08eb3ec23d5ab5e6d9
Hash of the block:
056cadb98177cb04c0d6d1806b3eecd75a6662b6ea0e5ee655349d235eee81a7
Block was generating for 0 seconds
N was increased to 2

Block:
Created by miner # 10
Id: 3
Timestamp: 1644678612379
Magic number: 98488731
Hash of the previous block:
056cadb98177cb04c0d6d1806b3eecd75a6662b6ea0e5ee655349d235eee81a7
Hash of the block:
006f64a1eefc69b4c5defaa0466eab5e20235f96a874be3a75f65689e47384be
Block was generating for 0 seconds
N was increased to 3

Block:
Created by miner # 9
Id: 4
Timestamp: 1644678612448
Magic number: -573504173
Hash of the previous block:
006f64a1eefc69b4c5defaa0466eab5e20235f96a874be3a75f65689e47384be
Hash of the block:
000326ebd0a15f03b9571ec9d81afadcc03e2ed8cd2ce0d12471e434eefa7465
Block was generating for 0 seconds
N was increased to 4

Block:
Created by miner # 6
Id: 5
Timestamp: 1644678612460
Magic number: -495238539
Hash of the previous block:
000326ebd0a15f03b9571ec9d81afadcc03e2ed8cd2ce0d12471e434eefa7465
Hash of the block:
000041ea062dc6684349521b3704b91e73825d8bc0707203a8517162fbf83dd0
Block was generating for 0 seconds
N was increased to 5

]]></system-out>
  <system-err><![CDATA[]]></system-err>
</testsuite>
