<?xml version="1.0" encoding="UTF-8"?>
<testsuite name="blockchain.BlockchainTest" tests="1" skipped="0" failures="0" errors="0" timestamp="2022-05-03T19:39:48" hostname="PC" time="0.001">
  <properties/>
  <testcase name="testPrintMessage" classname="blockchain.BlockchainTest" time="0.001"/>
  <system-out><![CDATA[]]></system-out>
  <system-err><![CDATA[]]></system-err>
</testsuite>
